<?xml version="1.0" encoding="UTF-8"?>
<!-- Generated by org.testng.reporters.JUnitXMLReporter -->
<testsuite hostname="TNR" failures="1" tests="1" name="Default test" time="0.131" errors="0" timestamp="7 Oct 2022 06:37:23 GMT">
  <testcase classname="com.hrms.testscripts.TC001_LoginLogout" name="loglogout" time="0.107">
    <failure type="java.lang.IllegalStateException" message="The driver executable must exist: C:\Automation\Driver\geckodriver-v0.31.0-win64\firefoxdriver.exe">
      <![CDATA[java.lang.IllegalStateException: The driver executable must exist: C:\Automation\Driver\geckodriver-v0.31.0-win64\firefoxdriver.exe
	at org.openqa.selenium.internal.Require$FileStateChecker.isFile(Require.java:342)
	at org.openqa.selenium.remote.service.DriverService.checkExecutable(DriverService.java:147)
	at org.openqa.selenium.remote.service.DriverService.findExecutable(DriverService.java:142)
	at org.openqa.selenium.firefox.GeckoDriverService.access$100(GeckoDriverService.java:45)
	at org.openqa.selenium.firefox.GeckoDriverService$Builder.findDefaultExecutable(GeckoDriverService.java:181)
	at org.openqa.selenium.remote.service.DriverService$Builder.build(DriverService.java:437)
	at org.openqa.selenium.firefox.GeckoDriverService.createDefaultService(GeckoDriverService.java:94)
	at org.openqa.selenium.firefox.FirefoxDriver.<init>(FirefoxDriver.java:98)
	at org.openqa.selenium.firefox.FirefoxDriver.<init>(FirefoxDriver.java:94)
	at com.hrms.lib.General.startup(General.java:16)
	at com.hrms.testscripts.TC001_LoginLogout.loglogout(TC001_LoginLogout.java:10)
	at java.base/jdk.internal.reflect.NativeMethodAccessorImpl.invoke0(Native Method)
	at java.base/jdk.internal.reflect.NativeMethodAccessorImpl.invoke(NativeMethodAccessorImpl.java:77)
	at java.base/jdk.internal.reflect.DelegatingMethodAccessorImpl.invoke(DelegatingMethodAccessorImpl.java:43)
	at java.base/java.lang.reflect.Method.invoke(Method.java:568)
	at org.testng.internal.MethodInvocationHelper.invokeMethod(MethodInvocationHelper.java:80)
	at org.testng.internal.Invoker.invokeMethod(Invoker.java:714)
	at org.testng.internal.Invoker.invokeTestMethod(Invoker.java:901)
	at org.testng.internal.Invoker.invokeTestMethods(Invoker.java:1231)
	at org.testng.internal.TestMethodWorker.invokeTestMethods(TestMethodWorker.java:127)
	at org.testng.internal.TestMethodWorker.run(TestMethodWorker.java:111)
	at org.testng.TestRunner.privateRun(TestRunner.java:767)
	at org.testng.TestRunner.run(TestRunner.java:617)
	at org.testng.SuiteRunner.runTest(SuiteRunner.java:334)
	at org.testng.SuiteRunner.runSequentially(SuiteRunner.java:329)
	at org.testng.SuiteRunner.privateRun(SuiteRunner.java:291)
	at org.testng.SuiteRunner.run(SuiteRunner.java:240)
	at org.testng.SuiteRunnerWorker.runSuite(SuiteRunnerWorker.java:52)
	at org.testng.SuiteRunnerWorker.run(SuiteRunnerWorker.java:86)
	at org.testng.TestNG.runSuitesSequentially(TestNG.java:1198)
	at org.testng.TestNG.runSuitesLocally(TestNG.java:1123)
	at org.testng.TestNG.run(TestNG.java:1031)
	at org.testng.remote.AbstractRemoteTestNG.run(AbstractRemoteTestNG.java:115)
	at org.testng.remote.RemoteTestNG.initAndRun(RemoteTestNG.java:251)
	at org.testng.remote.RemoteTestNG.main(RemoteTestNG.java:77)
]]>
    </failure>
  </testcase> <!-- loglogout -->
</testsuite> <!-- Default test -->
