<?xml version="1.0" encoding="UTF-8"?>
<!-- Generated by org.testng.reporters.JUnitXMLReporter -->
<testsuite hostname="TNR" failures="1" tests="1" name="Regression1" time="0.008" errors="0" timestamp="7 Oct 2022 06:30:45 GMT">
  <testcase classname="com.hrms.testscripts.TC001_LoginLogout" name="log" time="0.005">
    <failure type="java.lang.IllegalStateException" message="The driver executable must exist: C:\Automation\Driver\geckodriver-v0.31.0-win64\firefoxdriver.exe">
      <![CDATA[java.lang.IllegalStateException: The driver executable must exist: C:\Automation\Driver\geckodriver-v0.31.0-win64\firefoxdriver.exe
	at org.openqa.selenium.internal.Require$FileStateChecker.isFile(Require.java:342)
	at org.openqa.selenium.remote.service.DriverService.checkExecutable(DriverService.java:147)
	at org.openqa.selenium.remote.service.DriverService.findExecutable(DriverService.java:142)
	at org.openqa.selenium.firefox.GeckoDriverService.access$100(GeckoDriverService.java:45)
	at org.openqa.selenium.firefox.GeckoDriverService$Builder.findDefaultExecutable(GeckoDriverService.java:181)
	at org.openqa.selenium.remote.service.DriverService$Builder.build(DriverService.java:437)
	at org.openqa.selenium.firefox.GeckoDriverService.createDefaultService(GeckoDriverService.java:94)
	at org.openqa.selenium.firefox.FirefoxDriver.<init>(FirefoxDriver.java:98)
	at org.openqa.selenium.firefox.FirefoxDriver.<init>(FirefoxDriver.java:94)
	at com.hrms.lib.General.startup(General.java:16)
	at com.hrms.testscripts.TC001_LoginLogout.log(TC001_LoginLogout.java:10)
... Removed 24 stack frames]]>
    </failure>
  </testcase> <!-- log -->
</testsuite> <!-- Regression1 -->
